2012/06/06 17:05:37 [error] [exception.CHttpException.403] exception 'CHttpException' with message 'You are not allowed to access this page.' in /Users/boat/Project/php/yii/framework/gii/GiiModule.php:165
Stack trace:
#0 /Users/boat/Project/php/yii/framework/web/CController.php(264): GiiModule->beforeControllerAction(Object(DefaultController), Object(CInlineAction))
#1 /Users/boat/Project/php/yii/framework/web/CWebApplication.php(276): CController->run('')
#2 /Users/boat/Project/php/yii/framework/web/CWebApplication.php(135): CWebApplication->runController('gii')
#3 /Users/boat/Project/php/yii/framework/base/CApplication.php(162): CWebApplication->processRequest()
#4 /Users/boat/Project/php/yii_demo/index.php(13): CApplication->run()
#5 {main}
REQUEST_URI=/yii_demo/index.php?r=gii
---
2012/06/06 18:21:23 [error] [system.db.CDbCommand] CDbCommand::fetchAll() failed: SQLSTATE[42S02]: Base table or view not found: 1146 Table 'yii_demo.User' doesn't exist. The SQL statement executed was: SHOW COLUMNS FROM `User`.
in /Users/boat/Project/php/yii_demo/index.php (13)
2012/06/06 18:22:10 [error] [system.db.CDbCommand] CDbCommand::fetchAll() failed: SQLSTATE[42S02]: Base table or view not found: 1146 Table 'yii_demo.users' doesn't exist. The SQL statement executed was: SHOW COLUMNS FROM `users`.
in /Users/boat/Project/php/yii_demo/index.php (13)
2012/06/07 14:35:35 [error] [exception.CHttpException.404] exception 'CHttpException' with message 'Unable to resolve the request "pin_item".' in /Users/boat/Project/php/yii/framework/web/CWebApplication.php:280
Stack trace:
#0 /Users/boat/Project/php/yii/framework/web/CWebApplication.php(135): CWebApplication->runController('pin_item')
#1 /Users/boat/Project/php/yii/framework/base/CApplication.php(162): CWebApplication->processRequest()
#2 /Users/boat/Project/php/yii_demo/index.php(13): CApplication->run()
#3 {main}
REQUEST_URI=/yii_demo/index.php?r=pin_item
---
2012/06/07 14:35:39 [error] [exception.CHttpException.404] exception 'CHttpException' with message 'Unable to resolve the request "pin_items".' in /Users/boat/Project/php/yii/framework/web/CWebApplication.php:280
Stack trace:
#0 /Users/boat/Project/php/yii/framework/web/CWebApplication.php(135): CWebApplication->runController('pin_items')
#1 /Users/boat/Project/php/yii/framework/base/CApplication.php(162): CWebApplication->processRequest()
#2 /Users/boat/Project/php/yii_demo/index.php(13): CApplication->run()
#3 {main}
REQUEST_URI=/yii_demo/index.php?r=pin_items
---
2012/06/07 14:35:47 [error] [exception.CHttpException.404] exception 'CHttpException' with message 'Unable to resolve the request "pin_item/index".' in /Users/boat/Project/php/yii/framework/web/CWebApplication.php:280
Stack trace:
#0 /Users/boat/Project/php/yii/framework/web/CWebApplication.php(135): CWebApplication->runController('pin_item/index')
#1 /Users/boat/Project/php/yii/framework/base/CApplication.php(162): CWebApplication->processRequest()
#2 /Users/boat/Project/php/yii_demo/index.php(13): CApplication->run()
#3 {main}
REQUEST_URI=/yii_demo/index.php?r=pin_item/index
---
2012/06/07 14:37:13 [error] [exception.CHttpException.404] exception 'CHttpException' with message 'Unable to resolve the request "pin_item/index".' in /Users/boat/Project/php/yii/framework/web/CWebApplication.php:280
Stack trace:
#0 /Users/boat/Project/php/yii/framework/web/CWebApplication.php(135): CWebApplication->runController('pin_item/index')
#1 /Users/boat/Project/php/yii/framework/base/CApplication.php(162): CWebApplication->processRequest()
#2 /Users/boat/Project/php/yii_demo/index.php(13): CApplication->run()
#3 {main}
REQUEST_URI=/yii_demo/index.php?r=pin_item/index
---
2012/06/07 14:45:45 [error] [exception.CHttpException.404] exception 'CHttpException' with message 'Unable to resolve the request "pin_item/index".' in /Users/boat/Project/php/yii/framework/web/CWebApplication.php:280
Stack trace:
#0 /Users/boat/Project/php/yii/framework/web/CWebApplication.php(135): CWebApplication->runController('pin_item/index')
#1 /Users/boat/Project/php/yii/framework/base/CApplication.php(162): CWebApplication->processRequest()
#2 /Users/boat/Project/php/yii_demo/index.php(13): CApplication->run()
#3 {main}
REQUEST_URI=/yii_demo/home
---
2012/06/07 14:45:56 [error] [exception.CHttpException.404] exception 'CHttpException' with message 'Unable to resolve the request "pin_item/like".' in /Users/boat/Project/php/yii/framework/web/CWebApplication.php:280
Stack trace:
#0 /Users/boat/Project/php/yii/framework/web/CWebApplication.php(135): CWebApplication->runController('pin_item/like')
#1 /Users/boat/Project/php/yii/framework/base/CApplication.php(162): CWebApplication->processRequest()
#2 /Users/boat/Project/php/yii_demo/index.php(13): CApplication->run()
#3 {main}
REQUEST_URI=/yii_demo/about
---
2012/06/07 14:46:50 [error] [exception.CException] exception 'CException' with message 'PinitemController cannot find the requested view "Like is $like".' in /Users/boat/Project/php/yii/framework/web/CController.php:879
Stack trace:
#0 /Users/boat/Project/php/yii/framework/web/CController.php(783): CController->renderPartial('Like is $like', NULL, true)
#1 /Users/boat/Project/php/yii_demo/protected/controllers/PinitemController.php(18): CController->render('Like is $like')
#2 [internal function]: PinitemController->actionLike('about')
#3 /Users/boat/Project/php/yii/framework/web/actions/CAction.php(107): ReflectionMethod->invokeArgs(Object(PinitemController), Array)
#4 /Users/boat/Project/php/yii/framework/web/actions/CInlineAction.php(48): CAction->runWithParamsInternal(Object(PinitemController), Object(ReflectionMethod), Array)
#5 /Users/boat/Project/php/yii/framework/web/CController.php(309): CInlineAction->runWithParams(Array)
#6 /Users/boat/Project/php/yii/framework/web/CController.php(287): CController->runAction(Object(CInlineAction))
#7 /Users/boat/Project/php/yii/framework/web/CController.php(266): CController->runActionWithFilters(Object(CInlineAction), Array)
#8 /Users/boat/Project/php/yii/framework/web/CWebApplication.php(276): CController->run('like')
#9 /Users/boat/Project/php/yii/framework/web/CWebApplication.php(135): CWebApplication->runController('pinitem/like')
#10 /Users/boat/Project/php/yii/framework/base/CApplication.php(162): CWebApplication->processRequest()
#11 /Users/boat/Project/php/yii_demo/index.php(13): CApplication->run()
#12 {main}
REQUEST_URI=/yii_demo/about
---
2012/06/07 14:47:30 [error] [exception.CException] exception 'CException' with message 'Property "PinitemController.breadcrumbs" is not defined.' in /Users/boat/Project/php/yii/framework/base/CComponent.php:174
Stack trace:
#0 /Users/boat/Project/php/yii_demo/protected/views/pinitem/index.php(2): CComponent->__set('breadcrumbs', Array)
#1 /Users/boat/Project/php/yii/framework/web/CBaseController.php(127): require('/Users/boat/Pro...')
#2 /Users/boat/Project/php/yii/framework/web/CBaseController.php(96): CBaseController->renderInternal('/Users/boat/Pro...', NULL, true)
#3 /Users/boat/Project/php/yii/framework/web/CController.php(870): CBaseController->renderFile('/Users/boat/Pro...', NULL, true)
#4 /Users/boat/Project/php/yii/framework/web/CController.php(783): CController->renderPartial('index', NULL, true)
#5 /Users/boat/Project/php/yii_demo/protected/controllers/PinitemController.php(13): CController->render('index')
#6 /Users/boat/Project/php/yii/framework/web/actions/CInlineAction.php(50): PinitemController->actionIndex()
#7 /Users/boat/Project/php/yii/framework/web/CController.php(309): CInlineAction->runWithParams(Array)
#8 /Users/boat/Project/php/yii/framework/web/CController.php(287): CController->runAction(Object(CInlineAction))
#9 /Users/boat/Project/php/yii/framework/web/CController.php(266): CController->runActionWithFilters(Object(CInlineAction), Array)
#10 /Users/boat/Project/php/yii/framework/web/CWebApplication.php(276): CController->run('index')
#11 /Users/boat/Project/php/yii/framework/web/CWebApplication.php(135): CWebApplication->runController('pinitem/index')
#12 /Users/boat/Project/php/yii/framework/base/CApplication.php(162): CWebApplication->processRequest()
#13 /Users/boat/Project/php/yii_demo/index.php(13): CApplication->run()
#14 {main}
REQUEST_URI=/yii_demo/home
---
2012/06/07 14:48:33 [error] [exception.CHttpException.404] exception 'CHttpException' with message 'Unable to resolve the request "piniItem/like".' in /Users/boat/Project/php/yii/framework/web/CWebApplication.php:280
Stack trace:
#0 /Users/boat/Project/php/yii/framework/web/CWebApplication.php(135): CWebApplication->runController('piniItem/like')
#1 /Users/boat/Project/php/yii/framework/base/CApplication.php(162): CWebApplication->processRequest()
#2 /Users/boat/Project/php/yii_demo/index.php(13): CApplication->run()
#3 {main}
REQUEST_URI=/yii_demo/about
---
2012/06/07 14:48:54 [error] [exception.CHttpException.404] exception 'CHttpException' with message 'Unable to resolve the request "piniItem/like".' in /Users/boat/Project/php/yii/framework/web/CWebApplication.php:280
Stack trace:
#0 /Users/boat/Project/php/yii/framework/web/CWebApplication.php(135): CWebApplication->runController('piniItem/like')
#1 /Users/boat/Project/php/yii/framework/base/CApplication.php(162): CWebApplication->processRequest()
#2 /Users/boat/Project/php/yii_demo/index.php(13): CApplication->run()
#3 {main}
REQUEST_URI=/yii_demo/about
---
2012/06/07 14:54:43 [error] [exception.CHttpException.404] exception 'CHttpException' with message 'Unable to resolve the request "add".' in /Users/boat/Project/php/yii/framework/web/CWebApplication.php:280
Stack trace:
#0 /Users/boat/Project/php/yii/framework/web/CWebApplication.php(135): CWebApplication->runController('add')
#1 /Users/boat/Project/php/yii/framework/base/CApplication.php(162): CWebApplication->processRequest()
#2 /Users/boat/Project/php/yii_demo/index.php(13): CApplication->run()
#3 {main}
REQUEST_URI=/yii_demo/add
---
2012/06/07 14:54:51 [error] [exception.CException] exception 'CException' with message 'Property "PinItemController.breadcrumbs" is not defined.' in /Users/boat/Project/php/yii/framework/base/CComponent.php:174
Stack trace:
#0 /Users/boat/Project/php/yii_demo/protected/views/pinItem/add.php(2): CComponent->__set('breadcrumbs', Array)
#1 /Users/boat/Project/php/yii/framework/web/CBaseController.php(127): require('/Users/boat/Pro...')
#2 /Users/boat/Project/php/yii/framework/web/CBaseController.php(96): CBaseController->renderInternal('/Users/boat/Pro...', NULL, true)
#3 /Users/boat/Project/php/yii/framework/web/CController.php(870): CBaseController->renderFile('/Users/boat/Pro...', NULL, true)
#4 /Users/boat/Project/php/yii/framework/web/CController.php(783): CController->renderPartial('add', NULL, true)
#5 /Users/boat/Project/php/yii_demo/protected/controllers/PinItemController.php(7): CController->render('add')
#6 /Users/boat/Project/php/yii/framework/web/actions/CInlineAction.php(50): PinItemController->actionAdd()
#7 /Users/boat/Project/php/yii/framework/web/CController.php(309): CInlineAction->runWithParams(Array)
#8 /Users/boat/Project/php/yii/framework/web/CController.php(287): CController->runAction(Object(CInlineAction))
#9 /Users/boat/Project/php/yii/framework/web/CController.php(266): CController->runActionWithFilters(Object(CInlineAction), Array)
#10 /Users/boat/Project/php/yii/framework/web/CWebApplication.php(276): CController->run('add')
#11 /Users/boat/Project/php/yii/framework/web/CWebApplication.php(135): CWebApplication->runController('pinItem/add')
#12 /Users/boat/Project/php/yii/framework/base/CApplication.php(162): CWebApplication->processRequest()
#13 /Users/boat/Project/php/yii_demo/index.php(13): CApplication->run()
#14 {main}
REQUEST_URI=/yii_demo/pinItem/add
---
2012/06/07 14:55:29 [error] [exception.CHttpException.400] exception 'CHttpException' with message 'Your request is invalid.' in /Users/boat/Project/php/yii/framework/web/CController.php:337
Stack trace:
#0 /Users/boat/Project/php/yii/framework/web/CController.php(310): CController->invalidActionParams(Object(CInlineAction))
#1 /Users/boat/Project/php/yii/framework/web/CController.php(287): CController->runAction(Object(CInlineAction))
#2 /Users/boat/Project/php/yii/framework/web/CController.php(266): CController->runActionWithFilters(Object(CInlineAction), Array)
#3 /Users/boat/Project/php/yii/framework/web/CWebApplication.php(276): CController->run('like')
#4 /Users/boat/Project/php/yii/framework/web/CWebApplication.php(135): CWebApplication->runController('pinItem/like')
#5 /Users/boat/Project/php/yii/framework/base/CApplication.php(162): CWebApplication->processRequest()
#6 /Users/boat/Project/php/yii_demo/index.php(13): CApplication->run()
#7 {main}
REQUEST_URI=/yii_demo/pinItem/like
---
2012/06/07 14:55:35 [error] [exception.CHttpException.400] exception 'CHttpException' with message 'Your request is invalid.' in /Users/boat/Project/php/yii/framework/web/CController.php:337
Stack trace:
#0 /Users/boat/Project/php/yii/framework/web/CController.php(310): CController->invalidActionParams(Object(CInlineAction))
#1 /Users/boat/Project/php/yii/framework/web/CController.php(287): CController->runAction(Object(CInlineAction))
#2 /Users/boat/Project/php/yii/framework/web/CController.php(266): CController->runActionWithFilters(Object(CInlineAction), Array)
#3 /Users/boat/Project/php/yii/framework/web/CWebApplication.php(276): CController->run('like')
#4 /Users/boat/Project/php/yii/framework/web/CWebApplication.php(135): CWebApplication->runController('pinItem/like/10')
#5 /Users/boat/Project/php/yii/framework/base/CApplication.php(162): CWebApplication->processRequest()
#6 /Users/boat/Project/php/yii_demo/index.php(13): CApplication->run()
#7 {main}
REQUEST_URI=/yii_demo/pinItem/like/10
---
2012/06/07 14:56:00 [error] [exception.CHttpException.400] exception 'CHttpException' with message 'Your request is invalid.' in /Users/boat/Project/php/yii/framework/web/CController.php:337
Stack trace:
#0 /Users/boat/Project/php/yii/framework/web/CController.php(310): CController->invalidActionParams(Object(CInlineAction))
#1 /Users/boat/Project/php/yii/framework/web/CController.php(287): CController->runAction(Object(CInlineAction))
#2 /Users/boat/Project/php/yii/framework/web/CController.php(266): CController->runActionWithFilters(Object(CInlineAction), Array)
#3 /Users/boat/Project/php/yii/framework/web/CWebApplication.php(276): CController->run('like')
#4 /Users/boat/Project/php/yii/framework/web/CWebApplication.php(135): CWebApplication->runController('pinItem/like')
#5 /Users/boat/Project/php/yii/framework/base/CApplication.php(162): CWebApplication->processRequest()
#6 /Users/boat/Project/php/yii_demo/index.php(13): CApplication->run()
#7 {main}
REQUEST_URI=/yii_demo/pinItem/like
---
2012/06/07 14:56:03 [error] [exception.CHttpException.400] exception 'CHttpException' with message 'Your request is invalid.' in /Users/boat/Project/php/yii/framework/web/CController.php:337
Stack trace:
#0 /Users/boat/Project/php/yii/framework/web/CController.php(310): CController->invalidActionParams(Object(CInlineAction))
#1 /Users/boat/Project/php/yii/framework/web/CController.php(287): CController->runAction(Object(CInlineAction))
#2 /Users/boat/Project/php/yii/framework/web/CController.php(266): CController->runActionWithFilters(Object(CInlineAction), Array)
#3 /Users/boat/Project/php/yii/framework/web/CWebApplication.php(276): CController->run('like')
#4 /Users/boat/Project/php/yii/framework/web/CWebApplication.php(135): CWebApplication->runController('pinItem/like/10')
#5 /Users/boat/Project/php/yii/framework/base/CApplication.php(162): CWebApplication->processRequest()
#6 /Users/boat/Project/php/yii_demo/index.php(13): CApplication->run()
#7 {main}
REQUEST_URI=/yii_demo/pinItem/like/10
---
2012/06/07 14:56:07 [error] [exception.CHttpException.400] exception 'CHttpException' with message 'Your request is invalid.' in /Users/boat/Project/php/yii/framework/web/CController.php:337
Stack trace:
#0 /Users/boat/Project/php/yii/framework/web/CController.php(310): CController->invalidActionParams(Object(CInlineAction))
#1 /Users/boat/Project/php/yii/framework/web/CController.php(287): CController->runAction(Object(CInlineAction))
#2 /Users/boat/Project/php/yii/framework/web/CController.php(266): CController->runActionWithFilters(Object(CInlineAction), Array)
#3 /Users/boat/Project/php/yii/framework/web/CWebApplication.php(276): CController->run('like')
#4 /Users/boat/Project/php/yii/framework/web/CWebApplication.php(135): CWebApplication->runController('pinItem/like/he...')
#5 /Users/boat/Project/php/yii/framework/base/CApplication.php(162): CWebApplication->processRequest()
#6 /Users/boat/Project/php/yii_demo/index.php(13): CApplication->run()
#7 {main}
REQUEST_URI=/yii_demo/pinItem/like/hello
---
2012/06/07 15:27:11 [error] [system.db.CDbCommand] CDbCommand::fetchAll() failed: SQLSTATE[42S22]: Column not found: 1054 Unknown column 'lang' in 'where clause'. The SQL statement executed was: SELECT * FROM `pin_items` `t` WHERE lang=:lang.
in /Users/boat/Project/php/yii_demo/protected/controllers/PinItemController.php (12)
in /Users/boat/Project/php/yii_demo/index.php (13)
2012/06/07 15:27:11 [error] [exception.CDbException] exception 'CDbException' with message 'CDbCommand failed to execute the SQL statement: SQLSTATE[42S22]: Column not found: 1054 Unknown column 'lang' in 'where clause'. The SQL statement executed was: SELECT * FROM `pin_items` `t` WHERE lang=:lang' in /Users/boat/Project/php/yii/framework/db/CDbCommand.php:528
Stack trace:
#0 /Users/boat/Project/php/yii/framework/db/CDbCommand.php(390): CDbCommand->queryInternal('fetchAll', Array, Array)
#1 /Users/boat/Project/php/yii/framework/db/ar/CActiveRecord.php(1287): CDbCommand->queryAll()
#2 /Users/boat/Project/php/yii/framework/db/ar/CActiveRecord.php(1406): CActiveRecord->query(Object(CDbCriteria), true)
#3 /Users/boat/Project/php/yii_demo/protected/controllers/PinItemController.php(12): CActiveRecord->findAll()
#4 /Users/boat/Project/php/yii/framework/web/actions/CInlineAction.php(50): PinItemController->actionIndex()
#5 /Users/boat/Project/php/yii/framework/web/CController.php(309): CInlineAction->runWithParams(Array)
#6 /Users/boat/Project/php/yii/framework/web/CController.php(287): CController->runAction(Object(CInlineAction))
#7 /Users/boat/Project/php/yii/framework/web/CController.php(266): CController->runActionWithFilters(Object(CInlineAction), Array)
#8 /Users/boat/Project/php/yii/framework/web/CWebApplication.php(276): CController->run('index')
#9 /Users/boat/Project/php/yii/framework/web/CWebApplication.php(135): CWebApplication->runController('pinItem/index')
#10 /Users/boat/Project/php/yii/framework/base/CApplication.php(162): CWebApplication->processRequest()
#11 /Users/boat/Project/php/yii_demo/index.php(13): CApplication->run()
#12 {main}
REQUEST_URI=/yii_demo/
---
2012/06/07 15:29:02 [error] [system.db.CDbCommand] CDbCommand::fetchAll() failed: SQLSTATE[42S22]: Column not found: 1054 Unknown column 'lang' in 'where clause'. The SQL statement executed was: SELECT * FROM `pin_items` `t` WHERE lang=:lang.
in /Users/boat/Project/php/yii_demo/protected/controllers/PinItemController.php (12)
in /Users/boat/Project/php/yii_demo/index.php (13)
2012/06/07 15:29:02 [error] [exception.CDbException] exception 'CDbException' with message 'CDbCommand failed to execute the SQL statement: SQLSTATE[42S22]: Column not found: 1054 Unknown column 'lang' in 'where clause'. The SQL statement executed was: SELECT * FROM `pin_items` `t` WHERE lang=:lang' in /Users/boat/Project/php/yii/framework/db/CDbCommand.php:528
Stack trace:
#0 /Users/boat/Project/php/yii/framework/db/CDbCommand.php(390): CDbCommand->queryInternal('fetchAll', Array, Array)
#1 /Users/boat/Project/php/yii/framework/db/ar/CActiveRecord.php(1287): CDbCommand->queryAll()
#2 /Users/boat/Project/php/yii/framework/db/ar/CActiveRecord.php(1406): CActiveRecord->query(Object(CDbCriteria), true)
#3 /Users/boat/Project/php/yii_demo/protected/controllers/PinItemController.php(12): CActiveRecord->findAll()
#4 /Users/boat/Project/php/yii/framework/web/actions/CInlineAction.php(50): PinItemController->actionIndex()
#5 /Users/boat/Project/php/yii/framework/web/CController.php(309): CInlineAction->runWithParams(Array)
#6 /Users/boat/Project/php/yii/framework/web/CController.php(287): CController->runAction(Object(CInlineAction))
#7 /Users/boat/Project/php/yii/framework/web/CController.php(266): CController->runActionWithFilters(Object(CInlineAction), Array)
#8 /Users/boat/Project/php/yii/framework/web/CWebApplication.php(276): CController->run('index')
#9 /Users/boat/Project/php/yii/framework/web/CWebApplication.php(135): CWebApplication->runController('pinItem/index')
#10 /Users/boat/Project/php/yii/framework/base/CApplication.php(162): CWebApplication->processRequest()
#11 /Users/boat/Project/php/yii_demo/index.php(13): CApplication->run()
#12 {main}
REQUEST_URI=/yii_demo/
---
2012/06/07 15:29:08 [error] [system.db.CDbCommand] CDbCommand::fetchAll() failed: SQLSTATE[42S22]: Column not found: 1054 Unknown column 'lang' in 'where clause'. The SQL statement executed was: SELECT * FROM `pin_items` `t` WHERE lang=:lang.
in /Users/boat/Project/php/yii_demo/protected/controllers/PinItemController.php (12)
in /Users/boat/Project/php/yii_demo/index.php (13)
2012/06/07 15:29:08 [error] [exception.CDbException] exception 'CDbException' with message 'CDbCommand failed to execute the SQL statement: SQLSTATE[42S22]: Column not found: 1054 Unknown column 'lang' in 'where clause'. The SQL statement executed was: SELECT * FROM `pin_items` `t` WHERE lang=:lang' in /Users/boat/Project/php/yii/framework/db/CDbCommand.php:528
Stack trace:
#0 /Users/boat/Project/php/yii/framework/db/CDbCommand.php(390): CDbCommand->queryInternal('fetchAll', Array, Array)
#1 /Users/boat/Project/php/yii/framework/db/ar/CActiveRecord.php(1287): CDbCommand->queryAll()
#2 /Users/boat/Project/php/yii/framework/db/ar/CActiveRecord.php(1406): CActiveRecord->query(Object(CDbCriteria), true)
#3 /Users/boat/Project/php/yii_demo/protected/controllers/PinItemController.php(12): CActiveRecord->findAll()
#4 /Users/boat/Project/php/yii/framework/web/actions/CInlineAction.php(50): PinItemController->actionIndex()
#5 /Users/boat/Project/php/yii/framework/web/CController.php(309): CInlineAction->runWithParams(Array)
#6 /Users/boat/Project/php/yii/framework/web/CController.php(287): CController->runAction(Object(CInlineAction))
#7 /Users/boat/Project/php/yii/framework/web/CController.php(266): CController->runActionWithFilters(Object(CInlineAction), Array)
#8 /Users/boat/Project/php/yii/framework/web/CWebApplication.php(276): CController->run('index')
#9 /Users/boat/Project/php/yii/framework/web/CWebApplication.php(135): CWebApplication->runController('pinItem/index')
#10 /Users/boat/Project/php/yii/framework/base/CApplication.php(162): CWebApplication->processRequest()
#11 /Users/boat/Project/php/yii_demo/index.php(13): CApplication->run()
#12 {main}
REQUEST_URI=/yii_demo/
---
2012/06/07 15:29:32 [error] [exception.CException] exception 'CException' with message 'Property "PinItem.descrpition" is not defined.' in /Users/boat/Project/php/yii/framework/base/CComponent.php:131
Stack trace:
#0 /Users/boat/Project/php/yii/framework/db/ar/CActiveRecord.php(144): CComponent->__get('descrpition')
#1 /Users/boat/Project/php/yii_demo/protected/controllers/PinItemController.php(16): CActiveRecord->__get('descrpition')
#2 /Users/boat/Project/php/yii/framework/web/actions/CInlineAction.php(50): PinItemController->actionIndex()
#3 /Users/boat/Project/php/yii/framework/web/CController.php(309): CInlineAction->runWithParams(Array)
#4 /Users/boat/Project/php/yii/framework/web/CController.php(287): CController->runAction(Object(CInlineAction))
#5 /Users/boat/Project/php/yii/framework/web/CController.php(266): CController->runActionWithFilters(Object(CInlineAction), Array)
#6 /Users/boat/Project/php/yii/framework/web/CWebApplication.php(276): CController->run('index')
#7 /Users/boat/Project/php/yii/framework/web/CWebApplication.php(135): CWebApplication->runController('pinItem/index')
#8 /Users/boat/Project/php/yii/framework/base/CApplication.php(162): CWebApplication->processRequest()
#9 /Users/boat/Project/php/yii_demo/index.php(13): CApplication->run()
#10 {main}
REQUEST_URI=/yii_demo/
---
2012/06/07 15:31:09 [error] [exception.CException] exception 'CException' with message 'Property "PinItem.descrpition" is not defined.' in /Users/boat/Project/php/yii/framework/base/CComponent.php:131
Stack trace:
#0 /Users/boat/Project/php/yii/framework/db/ar/CActiveRecord.php(144): CComponent->__get('descrpition')
#1 /Users/boat/Project/php/yii_demo/protected/controllers/PinItemController.php(16): CActiveRecord->__get('descrpition')
#2 /Users/boat/Project/php/yii/framework/web/actions/CInlineAction.php(50): PinItemController->actionIndex()
#3 /Users/boat/Project/php/yii/framework/web/CController.php(309): CInlineAction->runWithParams(Array)
#4 /Users/boat/Project/php/yii/framework/web/CController.php(287): CController->runAction(Object(CInlineAction))
#5 /Users/boat/Project/php/yii/framework/web/CController.php(266): CController->runActionWithFilters(Object(CInlineAction), Array)
#6 /Users/boat/Project/php/yii/framework/web/CWebApplication.php(276): CController->run('index')
#7 /Users/boat/Project/php/yii/framework/web/CWebApplication.php(135): CWebApplication->runController('pinItem/index')
#8 /Users/boat/Project/php/yii/framework/base/CApplication.php(162): CWebApplication->processRequest()
#9 /Users/boat/Project/php/yii_demo/index.php(13): CApplication->run()
#10 {main}
REQUEST_URI=/yii_demo/
---
2012/06/07 15:31:35 [error] [exception.CException] exception 'CException' with message 'Property "PinItem.descrption" is not defined.' in /Users/boat/Project/php/yii/framework/base/CComponent.php:131
Stack trace:
#0 /Users/boat/Project/php/yii/framework/db/ar/CActiveRecord.php(144): CComponent->__get('descrption')
#1 /Users/boat/Project/php/yii_demo/protected/controllers/PinItemController.php(16): CActiveRecord->__get('descrption')
#2 /Users/boat/Project/php/yii/framework/web/actions/CInlineAction.php(50): PinItemController->actionIndex()
#3 /Users/boat/Project/php/yii/framework/web/CController.php(309): CInlineAction->runWithParams(Array)
#4 /Users/boat/Project/php/yii/framework/web/CController.php(287): CController->runAction(Object(CInlineAction))
#5 /Users/boat/Project/php/yii/framework/web/CController.php(266): CController->runActionWithFilters(Object(CInlineAction), Array)
#6 /Users/boat/Project/php/yii/framework/web/CWebApplication.php(276): CController->run('index')
#7 /Users/boat/Project/php/yii/framework/web/CWebApplication.php(135): CWebApplication->runController('pinItem/index')
#8 /Users/boat/Project/php/yii/framework/base/CApplication.php(162): CWebApplication->processRequest()
#9 /Users/boat/Project/php/yii_demo/index.php(13): CApplication->run()
#10 {main}
REQUEST_URI=/yii_demo/
---
2012/06/07 16:03:03 [error] [exception.CException] exception 'CException' with message 'Property "PinItemController.Html" is not defined.' in /Users/boat/Project/php/yii/framework/base/CComponent.php:131
Stack trace:
#0 /Users/boat/Project/php/yii_demo/protected/views/layouts/main.php(22): CComponent->__get('Html')
#1 /Users/boat/Project/php/yii/framework/web/CBaseController.php(127): require('/Users/boat/Pro...')
#2 /Users/boat/Project/php/yii/framework/web/CBaseController.php(96): CBaseController->renderInternal('/Users/boat/Pro...', Array, true)
#3 /Users/boat/Project/php/yii/framework/web/CController.php(785): CBaseController->renderFile('/Users/boat/Pro...', Array, true)
#4 /Users/boat/Project/php/yii_demo/protected/controllers/PinItemController.php(13): CController->render('index')
#5 /Users/boat/Project/php/yii/framework/web/actions/CInlineAction.php(50): PinItemController->actionIndex()
#6 /Users/boat/Project/php/yii/framework/web/CController.php(309): CInlineAction->runWithParams(Array)
#7 /Users/boat/Project/php/yii/framework/web/CController.php(287): CController->runAction(Object(CInlineAction))
#8 /Users/boat/Project/php/yii/framework/web/CController.php(266): CController->runActionWithFilters(Object(CInlineAction), Array)
#9 /Users/boat/Project/php/yii/framework/web/CWebApplication.php(276): CController->run('index')
#10 /Users/boat/Project/php/yii/framework/web/CWebApplication.php(135): CWebApplication->runController('pinItem/index')
#11 /Users/boat/Project/php/yii/framework/base/CApplication.php(162): CWebApplication->processRequest()
#12 /Users/boat/Project/php/yii_demo/index.php(13): CApplication->run()
#13 {main}
REQUEST_URI=/yii_demo/
---
2012/06/07 16:05:52 [error] [php] Undefined variable: CHtml (/Users/boat/Project/php/yii_demo/protected/views/layouts/main.php:22)
Stack trace:
#0 /Users/boat/Project/php/yii/framework/web/CController.php(785): PinItemController->renderFile()
#1 /Users/boat/Project/php/yii_demo/protected/controllers/PinItemController.php(13): PinItemController->render()
#2 /Users/boat/Project/php/yii/framework/web/actions/CInlineAction.php(50): PinItemController->actionIndex()
#3 /Users/boat/Project/php/yii/framework/web/CController.php(309): CInlineAction->runWithParams()
#4 /Users/boat/Project/php/yii/framework/web/CController.php(287): PinItemController->runAction()
#5 /Users/boat/Project/php/yii/framework/web/CController.php(266): PinItemController->runActionWithFilters()
#6 /Users/boat/Project/php/yii/framework/web/CWebApplication.php(276): PinItemController->run()
#7 /Users/boat/Project/php/yii/framework/web/CWebApplication.php(135): CWebApplication->runController()
#8 /Users/boat/Project/php/yii/framework/base/CApplication.php(162): CWebApplication->processRequest()
#9 /Users/boat/Project/php/yii_demo/index.php(13): CWebApplication->run()
REQUEST_URI=/yii_demo/
in /Users/boat/Project/php/yii_demo/protected/views/layouts/main.php (22)
in /Users/boat/Project/php/yii_demo/protected/controllers/PinItemController.php (13)
in /Users/boat/Project/php/yii_demo/index.php (13)
2012/06/07 16:07:12 [error] [exception.CException] exception 'CException' with message 'Property "PinItemController.Session" is not defined.' in /Users/boat/Project/php/yii/framework/base/CComponent.php:131
Stack trace:
#0 /Users/boat/Project/php/yii_demo/protected/views/layouts/main.php(23): CComponent->__get('Session')
#1 /Users/boat/Project/php/yii/framework/web/CBaseController.php(127): require('/Users/boat/Pro...')
#2 /Users/boat/Project/php/yii/framework/web/CBaseController.php(96): CBaseController->renderInternal('/Users/boat/Pro...', Array, true)
#3 /Users/boat/Project/php/yii/framework/web/CController.php(785): CBaseController->renderFile('/Users/boat/Pro...', Array, true)
#4 /Users/boat/Project/php/yii_demo/protected/controllers/PinItemController.php(13): CController->render('index')
#5 /Users/boat/Project/php/yii/framework/web/actions/CInlineAction.php(50): PinItemController->actionIndex()
#6 /Users/boat/Project/php/yii/framework/web/CController.php(309): CInlineAction->runWithParams(Array)
#7 /Users/boat/Project/php/yii/framework/web/CController.php(287): CController->runAction(Object(CInlineAction))
#8 /Users/boat/Project/php/yii/framework/web/CController.php(266): CController->runActionWithFilters(Object(CInlineAction), Array)
#9 /Users/boat/Project/php/yii/framework/web/CWebApplication.php(276): CController->run('index')
#10 /Users/boat/Project/php/yii/framework/web/CWebApplication.php(135): CWebApplication->runController('pinItem/index')
#11 /Users/boat/Project/php/yii/framework/base/CApplication.php(162): CWebApplication->processRequest()
#12 /Users/boat/Project/php/yii_demo/index.php(13): CApplication->run()
#13 {main}
REQUEST_URI=/yii_demo/
---
2012/06/07 16:08:23 [error] [exception.CException] exception 'CException' with message 'Property "PinItemController.Session" is not defined.' in /Users/boat/Project/php/yii/framework/base/CComponent.php:131
Stack trace:
#0 /Users/boat/Project/php/yii_demo/protected/views/layouts/main.php(23): CComponent->__get('Session')
#1 /Users/boat/Project/php/yii/framework/web/CBaseController.php(127): require('/Users/boat/Pro...')
#2 /Users/boat/Project/php/yii/framework/web/CBaseController.php(96): CBaseController->renderInternal('/Users/boat/Pro...', Array, true)
#3 /Users/boat/Project/php/yii/framework/web/CController.php(785): CBaseController->renderFile('/Users/boat/Pro...', Array, true)
#4 /Users/boat/Project/php/yii_demo/protected/controllers/PinItemController.php(13): CController->render('index')
#5 /Users/boat/Project/php/yii/framework/web/actions/CInlineAction.php(50): PinItemController->actionIndex()
#6 /Users/boat/Project/php/yii/framework/web/CController.php(309): CInlineAction->runWithParams(Array)
#7 /Users/boat/Project/php/yii/framework/web/CController.php(287): CController->runAction(Object(CInlineAction))
#8 /Users/boat/Project/php/yii/framework/web/CController.php(266): CController->runActionWithFilters(Object(CInlineAction), Array)
#9 /Users/boat/Project/php/yii/framework/web/CWebApplication.php(276): CController->run('index')
#10 /Users/boat/Project/php/yii/framework/web/CWebApplication.php(135): CWebApplication->runController('pinItem/index')
#11 /Users/boat/Project/php/yii/framework/base/CApplication.php(162): CWebApplication->processRequest()
#12 /Users/boat/Project/php/yii_demo/index.php(13): CApplication->run()
#13 {main}
REQUEST_URI=/yii_demo/
---
2012/06/07 16:09:14 [error] [exception.CHttpException.404] exception 'CHttpException' with message 'Unable to resolve the request "css/custom-theme/jquery-ui-1.8.19.custom".' in /Users/boat/Project/php/yii/framework/web/CWebApplication.php:280
Stack trace:
#0 /Users/boat/Project/php/yii/framework/web/CWebApplication.php(135): CWebApplication->runController('css/custom-them...')
#1 /Users/boat/Project/php/yii/framework/base/CApplication.php(162): CWebApplication->processRequest()
#2 /Users/boat/Project/php/yii_demo/index.php(13): CApplication->run()
#3 {main}
REQUEST_URI=/yii_demo/css/custom-theme/jquery-ui-1.8.19.custom
HTTP_REFERER=http://localhost:8888/yii_demo/
---
2012/06/07 16:09:17 [error] [exception.CHttpException.404] exception 'CHttpException' with message 'Unable to resolve the request "css/custom-theme/jquery-ui-1.8.19.custom".' in /Users/boat/Project/php/yii/framework/web/CWebApplication.php:280
Stack trace:
#0 /Users/boat/Project/php/yii/framework/web/CWebApplication.php(135): CWebApplication->runController('css/custom-them...')
#1 /Users/boat/Project/php/yii/framework/base/CApplication.php(162): CWebApplication->processRequest()
#2 /Users/boat/Project/php/yii_demo/index.php(13): CApplication->run()
#3 {main}
REQUEST_URI=/yii_demo/css/custom-theme/jquery-ui-1.8.19.custom
HTTP_REFERER=http://localhost:8888/yii_demo/
---
2012/06/07 16:09:46 [error] [exception.CHttpException.404] exception 'CHttpException' with message 'Unable to resolve the request "css/custom-theme/jquery-ui-1.8.19.custom".' in /Users/boat/Project/php/yii/framework/web/CWebApplication.php:280
Stack trace:
#0 /Users/boat/Project/php/yii/framework/web/CWebApplication.php(135): CWebApplication->runController('css/custom-them...')
#1 /Users/boat/Project/php/yii/framework/base/CApplication.php(162): CWebApplication->processRequest()
#2 /Users/boat/Project/php/yii_demo/index.php(13): CApplication->run()
#3 {main}
REQUEST_URI=/yii_demo/css/custom-theme/jquery-ui-1.8.19.custom
HTTP_REFERER=http://localhost:8888/yii_demo/
---
2012/06/07 16:09:49 [error] [exception.CHttpException.404] exception 'CHttpException' with message 'Unable to resolve the request "css/custom-theme/jquery-ui-1.8.19.custom".' in /Users/boat/Project/php/yii/framework/web/CWebApplication.php:280
Stack trace:
#0 /Users/boat/Project/php/yii/framework/web/CWebApplication.php(135): CWebApplication->runController('css/custom-them...')
#1 /Users/boat/Project/php/yii/framework/base/CApplication.php(162): CWebApplication->processRequest()
#2 /Users/boat/Project/php/yii_demo/index.php(13): CApplication->run()
#3 {main}
REQUEST_URI=/yii_demo/css/custom-theme/jquery-ui-1.8.19.custom
HTTP_REFERER=http://localhost:8888/yii_demo/
---
2012/06/07 16:09:51 [error] [exception.CHttpException.404] exception 'CHttpException' with message 'Unable to resolve the request "css/custom-theme/jquery-ui-1.8.19.custom".' in /Users/boat/Project/php/yii/framework/web/CWebApplication.php:280
Stack trace:
#0 /Users/boat/Project/php/yii/framework/web/CWebApplication.php(135): CWebApplication->runController('css/custom-them...')
#1 /Users/boat/Project/php/yii/framework/base/CApplication.php(162): CWebApplication->processRequest()
#2 /Users/boat/Project/php/yii_demo/index.php(13): CApplication->run()
#3 {main}
REQUEST_URI=/yii_demo/css/custom-theme/jquery-ui-1.8.19.custom
HTTP_REFERER=http://localhost:8888/yii_demo/
---
2012/06/07 16:10:02 [error] [exception.CHttpException.404] exception 'CHttpException' with message 'Unable to resolve the request "css/custom-theme/jquery-ui-1.8.19.custom".' in /Users/boat/Project/php/yii/framework/web/CWebApplication.php:280
Stack trace:
#0 /Users/boat/Project/php/yii/framework/web/CWebApplication.php(135): CWebApplication->runController('css/custom-them...')
#1 /Users/boat/Project/php/yii/framework/base/CApplication.php(162): CWebApplication->processRequest()
#2 /Users/boat/Project/php/yii_demo/index.php(13): CApplication->run()
#3 {main}
REQUEST_URI=/yii_demo/css/custom-theme/jquery-ui-1.8.19.custom
HTTP_REFERER=http://localhost:8888/yii_demo/
---
2012/06/07 16:10:11 [error] [exception.CHttpException.404] exception 'CHttpException' with message 'Unable to resolve the request "css/custom-theme/jquery-ui-1.8.19.custom".' in /Users/boat/Project/php/yii/framework/web/CWebApplication.php:280
Stack trace:
#0 /Users/boat/Project/php/yii/framework/web/CWebApplication.php(135): CWebApplication->runController('css/custom-them...')
#1 /Users/boat/Project/php/yii/framework/base/CApplication.php(162): CWebApplication->processRequest()
#2 /Users/boat/Project/php/yii_demo/index.php(13): CApplication->run()
#3 {main}
REQUEST_URI=/yii_demo/css/custom-theme/jquery-ui-1.8.19.custom
HTTP_REFERER=http://localhost:8888/yii_demo/
---
2012/06/07 16:10:36 [error] [exception.CHttpException.404] exception 'CHttpException' with message 'Unable to resolve the request "pin_item/index".' in /Users/boat/Project/php/yii/framework/web/CWebApplication.php:280
Stack trace:
#0 /Users/boat/Project/php/yii/framework/web/CWebApplication.php(135): CWebApplication->runController('pin_item/index')
#1 /Users/boat/Project/php/yii/framework/base/CApplication.php(162): CWebApplication->processRequest()
#2 /Users/boat/Project/php/yii_demo/index.php(13): CApplication->run()
#3 {main}
REQUEST_URI=/yii_demo/pin_item/index
---
2012/06/07 16:10:37 [error] [exception.CHttpException.404] exception 'CHttpException' with message 'Unable to resolve the request "css/custom-theme/jquery-ui-1.8.19.custom".' in /Users/boat/Project/php/yii/framework/web/CWebApplication.php:280
Stack trace:
#0 /Users/boat/Project/php/yii/framework/web/CWebApplication.php(135): CWebApplication->runController('css/custom-them...')
#1 /Users/boat/Project/php/yii/framework/base/CApplication.php(162): CWebApplication->processRequest()
#2 /Users/boat/Project/php/yii_demo/index.php(13): CApplication->run()
#3 {main}
REQUEST_URI=/yii_demo/css/custom-theme/jquery-ui-1.8.19.custom
HTTP_REFERER=http://localhost:8888/yii_demo/pin_item/index
---
2012/06/07 16:10:39 [error] [exception.CHttpException.404] exception 'CHttpException' with message 'Unable to resolve the request "css/custom-theme/jquery-ui-1.8.19.custom".' in /Users/boat/Project/php/yii/framework/web/CWebApplication.php:280
Stack trace:
#0 /Users/boat/Project/php/yii/framework/web/CWebApplication.php(135): CWebApplication->runController('css/custom-them...')
#1 /Users/boat/Project/php/yii/framework/base/CApplication.php(162): CWebApplication->processRequest()
#2 /Users/boat/Project/php/yii_demo/index.php(13): CApplication->run()
#3 {main}
REQUEST_URI=/yii_demo/css/custom-theme/jquery-ui-1.8.19.custom
HTTP_REFERER=http://localhost:8888/yii_demo/
---
2012/06/07 17:15:04 [error] [exception.CException] exception 'CException' with message 'Property "PinItemController.Html" is not defined.' in /Users/boat/Project/php/yii/framework/base/CComponent.php:131
Stack trace:
#0 /Users/boat/Project/php/yii_demo/protected/views/pinItem/index.php(11): CComponent->__get('Html')
#1 /Users/boat/Project/php/yii/framework/web/CBaseController.php(127): require('/Users/boat/Pro...')
#2 /Users/boat/Project/php/yii/framework/web/CBaseController.php(96): CBaseController->renderInternal('/Users/boat/Pro...', Array, true)
#3 /Users/boat/Project/php/yii/framework/web/CController.php(870): CBaseController->renderFile('/Users/boat/Pro...', Array, true)
#4 /Users/boat/Project/php/yii/framework/web/CController.php(783): CController->renderPartial('index', Array, true)
#5 /Users/boat/Project/php/yii_demo/protected/controllers/PinItemController.php(13): CController->render('index', Array)
#6 /Users/boat/Project/php/yii/framework/web/actions/CInlineAction.php(50): PinItemController->actionIndex()
#7 /Users/boat/Project/php/yii/framework/web/CController.php(309): CInlineAction->runWithParams(Array)
#8 /Users/boat/Project/php/yii/framework/web/CController.php(287): CController->runAction(Object(CInlineAction))
#9 /Users/boat/Project/php/yii/framework/web/CController.php(266): CController->runActionWithFilters(Object(CInlineAction), Array)
#10 /Users/boat/Project/php/yii/framework/web/CWebApplication.php(276): CController->run('index')
#11 /Users/boat/Project/php/yii/framework/web/CWebApplication.php(135): CWebApplication->runController('pinItem/index')
#12 /Users/boat/Project/php/yii/framework/base/CApplication.php(162): CWebApplication->processRequest()
#13 /Users/boat/Project/php/yii_demo/index.php(13): CApplication->run()
#14 {main}
REQUEST_URI=/yii_demo/
HTTP_REFERER=http://localhost:8888/yii_demo/pinItem/index
---
2012/06/07 17:15:45 [error] [exception.CHttpException.404] exception 'CHttpException' with message 'Unable to resolve the request "js/pin_items/floated_element".' in /Users/boat/Project/php/yii/framework/web/CWebApplication.php:280
Stack trace:
#0 /Users/boat/Project/php/yii/framework/web/CWebApplication.php(135): CWebApplication->runController('js/pin_items/fl...')
#1 /Users/boat/Project/php/yii/framework/base/CApplication.php(162): CWebApplication->processRequest()
#2 /Users/boat/Project/php/yii_demo/index.php(13): CApplication->run()
#3 {main}
REQUEST_URI=/yii_demo/js/pin_items/floated_element
HTTP_REFERER=http://localhost:8888/yii_demo/
---
2012/06/07 17:15:45 [error] [exception.CHttpException.404] exception 'CHttpException' with message 'Unable to resolve the request "js/yoxview/yoxview-init".' in /Users/boat/Project/php/yii/framework/web/CWebApplication.php:280
Stack trace:
#0 /Users/boat/Project/php/yii/framework/web/CWebApplication.php(135): CWebApplication->runController('js/yoxview/yoxv...')
#1 /Users/boat/Project/php/yii/framework/base/CApplication.php(162): CWebApplication->processRequest()
#2 /Users/boat/Project/php/yii_demo/index.php(13): CApplication->run()
#3 {main}
REQUEST_URI=/yii_demo/js/yoxview/yoxview-init
HTTP_REFERER=http://localhost:8888/yii_demo/
---
2012/06/07 17:19:27 [error] [exception.CHttpException.404] exception 'CHttpException' with message 'Unable to resolve the request "add".' in /Users/boat/Project/php/yii/framework/web/CWebApplication.php:280
Stack trace:
#0 /Users/boat/Project/php/yii/framework/web/CWebApplication.php(135): CWebApplication->runController('add')
#1 /Users/boat/Project/php/yii/framework/base/CApplication.php(162): CWebApplication->processRequest()
#2 /Users/boat/Project/php/yii_demo/index.php(13): CApplication->run()
#3 {main}
REQUEST_URI=/yii_demo/add
HTTP_REFERER=http://localhost:8888/yii_demo/
---
2012/06/07 17:24:03 [error] [exception.CHttpException.404] exception 'CHttpException' with message 'Unable to resolve the request "add".' in /Users/boat/Project/php/yii/framework/web/CWebApplication.php:280
Stack trace:
#0 /Users/boat/Project/php/yii/framework/web/CWebApplication.php(135): CWebApplication->runController('add')
#1 /Users/boat/Project/php/yii/framework/base/CApplication.php(162): CWebApplication->processRequest()
#2 /Users/boat/Project/php/yii_demo/index.php(13): CApplication->run()
#3 {main}
REQUEST_URI=/yii_demo/add
HTTP_REFERER=http://localhost:8888/yii_demo/
---
2012/06/08 12:08:35 [error] [exception.CHttpException.404] exception 'CHttpException' with message 'Unable to resolve the request "add".' in /Users/boat/Project/php/yii/framework/web/CWebApplication.php:280
Stack trace:
#0 /Users/boat/Project/php/yii/framework/web/CWebApplication.php(135): CWebApplication->runController('add')
#1 /Users/boat/Project/php/yii/framework/base/CApplication.php(162): CWebApplication->processRequest()
#2 /Users/boat/Project/php/yii_demo/index.php(13): CApplication->run()
#3 {main}
REQUEST_URI=/yii_demo/add
HTTP_REFERER=http://localhost:8888/yii_demo/
---
